# JRE version: OpenJDK Runtime Environment Temurin-17.0.19+10 (17.0.19+10) (build 17.0.19+10)
# Java VM: OpenJDK 64-Bit Server VM Temurin-17.0.19+10 (17.0.19+10, mixed mode, sharing, tiered, compressed oops, compressed class ptrs, g1 gc, windows-amd64)
GC Precious Log:
 CPUs: 20 total, 20 available
 Memory: 16068M
 Large Page Support: Disabled
 NUMA Support: Disabled
 Compressed Oops: Enabled (Zero based)
 Heap Region Size: 2M
 Heap Min Capacity: 8M
 Heap Initial Capacity: 252M
 Heap Max Capacity: 4018M
 Pre-touch: Disabled
 Parallel Workers: 15
 Concurrent Workers: 4
 Concurrent Refinement Workers: 15
 Periodic GC: Disabled
Heap:
 garbage-first heap   total 75776K, used 54825K [0x0000000704e00000, 0x0000000800000000)
  region size 2048K, 13 young (26624K), 1 survivors (2048K)
 Metaspace       used 38479K, committed 38784K, reserved 1114112K
  class space    used 4510K, committed 4672K, reserved 1048576K
GC Heap History (14 events):
Event: 1.183 GC heap before
{Heap before GC invocations=0 (full 0):
 garbage-first heap   total 258048K, used 24576K [0x0000000704e00000, 0x0000000800000000)
  region size 2048K, 11 young (22528K), 0 survivors (0K)
 Metaspace       used 6609K, committed 6784K, reserved 1114112K
  class space    used 607K, committed 704K, reserved 1048576K
}
Event: 1.194 GC heap after
{Heap after GC invocations=1 (full 0):
 garbage-first heap   total 258048K, used 7111K [0x0000000704e00000, 0x0000000800000000)
  region size 2048K, 2 young (4096K), 2 survivors (4096K)
 Metaspace       used 6609K, committed 6784K, reserved 1114112K
  class space    used 607K, committed 704K, reserved 1048576K
}
Event: 2.357 GC heap before
{Heap before GC invocations=1 (full 0):
 garbage-first heap   total 258048K, used 41927K [0x0000000704e00000, 0x0000000800000000)
  region size 2048K, 19 young (38912K), 2 survivors (4096K)
 Metaspace       used 13747K, committed 13952K, reserved 1114112K
  class space    used 1479K, committed 1600K, reserved 1048576K
}
Event: 2.364 GC heap after
{Heap after GC invocations=2 (full 0):
 garbage-first heap   total 258048K, used 12957K [0x0000000704e00000, 0x0000000800000000)
  region size 2048K, 3 young (6144K), 3 survivors (6144K)
 Metaspace       used 13747K, committed 13952K, reserved 1114112K
  class space    used 1479K, committed 1600K, reserved 1048576K
}
Event: 3.723 GC heap before
{Heap before GC invocations=2 (full 0):
 garbage-first heap   total 258048K, used 41629K [0x0000000704e00000, 0x0000000800000000)
  region size 2048K, 18 young (36864K), 3 survivors (6144K)
 Metaspace       used 21374K, committed 21504K, reserved 1114112K
  class space    used 2815K, committed 2880K, reserved 1048576K
}
Event: 3.730 GC heap after
{Heap after GC invocations=3 (full 0):
 garbage-first heap   total 258048K, used 16340K [0x0000000704e00000, 0x0000000800000000)
  region size 2048K, 5 young (10240K), 5 survivors (10240K)
 Metaspace       used 21374K, committed 21504K, reserved 1114112K
  class space    used 2815K, committed 2880K, reserved 1048576K
}
Event: 5.078 GC heap before
{Heap before GC invocations=4 (full 0):
 garbage-first heap   total 75776K, used 51156K [0x0000000704e00000, 0x0000000800000000)
  region size 2048K, 22 young (45056K), 5 survivors (10240K)
 Metaspace       used 28493K, committed 28672K, reserved 1114112K
  class space    used 3534K, committed 3584K, reserved 1048576K
}
Event: 5.090 GC heap after
{Heap after GC invocations=5 (full 0):
 garbage-first heap   total 75776K, used 19125K [0x0000000704e00000, 0x0000000800000000)
  region size 2048K, 3 young (6144K), 3 survivors (6144K)
 Metaspace       used 28493K, committed 28672K, reserved 1114112K
  class space    used 3534K, committed 3584K, reserved 1048576K
}
Event: 5.213 GC heap before
{Heap before GC invocations=5 (full 0):
 garbage-first heap   total 75776K, used 21173K [0x0000000704e00000, 0x0000000800000000)
  region size 2048K, 4 young (8192K), 3 survivors (6144K)
 Metaspace       used 29064K, committed 29312K, reserved 1114112K
  class space    used 3598K, committed 3712K, reserved 1048576K
}
Event: 5.218 GC heap after
{Heap after GC invocations=6 (full 0):
 garbage-first heap   total 75776K, used 20423K [0x0000000704e00000, 0x0000000800000000)
  region size 2048K, 1 young (2048K), 1 survivors (2048K)
 Metaspace       used 29064K, committed 29312K, reserved 1114112K
  class space    used 3598K, committed 3712K, reserved 1048576K
}
Event: 6.505 GC heap before
{Heap before GC invocations=6 (full 0):
 garbage-first heap   total 75776K, used 49095K [0x0000000704e00000, 0x0000000800000000)
  region size 2048K, 16 young (32768K), 1 survivors (2048K)
 Metaspace       used 34686K, committed 34944K, reserved 1114112K
  class space    used 4145K, committed 4288K, reserved 1048576K
}
Event: 6.513 GC heap after
{Heap after GC invocations=7 (full 0):
 garbage-first heap   total 75776K, used 23872K [0x0000000704e00000, 0x0000000800000000)
  region size 2048K, 2 young (4096K), 2 survivors (4096K)
 Metaspace       used 34686K, committed 34944K, reserved 1114112K
  class space    used 4145K, committed 4288K, reserved 1048576K
}
Event: 7.337 GC heap before
{Heap before GC invocations=8 (full 0):
 garbage-first heap   total 75776K, used 52544K [0x0000000704e00000, 0x0000000800000000)
  region size 2048K, 16 young (32768K), 2 survivors (4096K)
 Metaspace       used 37726K, committed 38016K, reserved 1114112K
  class space    used 4456K, committed 4608K, reserved 1048576K
}
Event: 7.348 GC heap after
{Heap after GC invocations=9 (full 0):
 garbage-first heap   total 75776K, used 30249K [0x0000000704e00000, 0x0000000800000000)
  region size 2048K, 2 young (4096K), 2 survivors (4096K)
 Metaspace       used 37726K, committed 38016K, reserved 1114112K
  class space    used 4456K, committed 4608K, reserved 1048576K
}

