# JRE version: OpenJDK Runtime Environment (21.0.10) (build 21.0.10+-14961533-b1163.108)
# Java VM: OpenJDK 64-Bit Server VM (21.0.10+-14961533-b1163.108, mixed mode, tiered, compressed oops, compressed class ptrs, serial gc, windows-amd64)
GC Precious Log:
 CardTable entry size: 512
 CPUs: 20 total, 20 available
 Memory: 16068M
 Large Page Support: Disabled
 NUMA Support: Disabled
 Compressed Oops: Enabled (32-bit)
 Heap Min Capacity: 8M
 Heap Initial Capacity: 252M
 Heap Max Capacity: 1G
 Pre-touch: Disabled
Heap:
 def new generation   total 77568K, used 64055K [0x00000000c0000000, 0x00000000c5420000, 0x00000000d5550000)
  eden space 68992K,  84% used [0x00000000c0000000, 0x00000000c39140a8, 0x00000000c4360000)
  from space 8576K,  65% used [0x00000000c4bc0000, 0x00000000c5139bc8, 0x00000000c5420000)
  to   space 8576K,   0% used [0x00000000c4360000, 0x00000000c4360000, 0x00000000c4bc0000)
 tenured generation   total 172032K, used 23995K [0x00000000d5550000, 0x00000000dfd50000, 0x0000000100000000)
   the space 172032K,  13% used [0x00000000d5550000, 0x00000000d6cbedd8, 0x00000000d6cbee00, 0x00000000dfd50000)
 Metaspace       used 51673K, committed 52928K, reserved 278528K
  class space    used 7085K, committed 7680K, reserved 212992K
GC Heap History (14 events):
Event: 0.482 GC heap before
{Heap before GC invocations=0 (full 0):
 def new generation   total 77440K, used 68864K [0x00000000c0000000, 0x00000000c5400000, 0x00000000d5550000)
  eden space 68864K, 100% used [0x00000000c0000000, 0x00000000c4340000, 0x00000000c4340000)
  from space 8576K,   0% used [0x00000000c4340000, 0x00000000c4340000, 0x00000000c4ba0000)
  to   space 8576K,   0% used [0x00000000c4ba0000, 0x00000000c4ba0000, 0x00000000c5400000)
 tenured generation   total 172032K, used 0K [0x00000000d5550000, 0x00000000dfd50000, 0x0000000100000000)
   the space 172032K,   0% used [0x00000000d5550000, 0x00000000d5550000, 0x00000000d5550200, 0x00000000dfd50000)
 Metaspace       used 11661K, committed 11840K, reserved 278528K
  class space    used 1256K, committed 1344K, reserved 212992K
}
Event: 0.489 GC heap after
{Heap after GC invocations=1 (full 0):
 def new generation   total 77440K, used 7073K [0x00000000c0000000, 0x00000000c5400000, 0x00000000d5550000)
  eden space 68864K,   0% used [0x00000000c0000000, 0x00000000c0000000, 0x00000000c4340000)
  from space 8576K,  82% used [0x00000000c4ba0000, 0x00000000c5288788, 0x00000000c5400000)
  to   space 8576K,   0% used [0x00000000c4340000, 0x00000000c4340000, 0x00000000c4ba0000)
 tenured generation   total 172032K, used 3054K [0x00000000d5550000, 0x00000000dfd50000, 0x0000000100000000)
   the space 172032K,   1% used [0x00000000d5550000, 0x00000000d584b8f8, 0x00000000d584ba00, 0x00000000dfd50000)
 Metaspace       used 11661K, committed 11840K, reserved 278528K
  class space    used 1256K, committed 1344K, reserved 212992K
}
Event: 0.690 GC heap before
{Heap before GC invocations=1 (full 0):
 def new generation   total 77440K, used 75937K [0x00000000c0000000, 0x00000000c5400000, 0x00000000d5550000)
  eden space 68864K, 100% used [0x00000000c0000000, 0x00000000c4340000, 0x00000000c4340000)
  from space 8576K,  82% used [0x00000000c4ba0000, 0x00000000c5288788, 0x00000000c5400000)
  to   space 8576K,   0% used [0x00000000c4340000, 0x00000000c4340000, 0x00000000c4ba0000)
 tenured generation   total 172032K, used 3054K [0x00000000d5550000, 0x00000000dfd50000, 0x0000000100000000)
   the space 172032K,   1% used [0x00000000d5550000, 0x00000000d584b8f8, 0x00000000d584ba00, 0x00000000dfd50000)
 Metaspace       used 12666K, committed 12736K, reserved 278528K
  class space    used 1373K, committed 1408K, reserved 212992K
}
Event: 0.696 GC heap after
{Heap after GC invocations=2 (full 0):
 def new generation   total 77440K, used 735K [0x00000000c0000000, 0x00000000c5400000, 0x00000000d5550000)
  eden space 68864K,   0% used [0x00000000c0000000, 0x00000000c0000000, 0x00000000c4340000)
  from space 8576K,   8% used [0x00000000c4340000, 0x00000000c43f7c78, 0x00000000c4ba0000)
  to   space 8576K,   0% used [0x00000000c4ba0000, 0x00000000c4ba0000, 0x00000000c5400000)
 tenured generation   total 172032K, used 10066K [0x00000000d5550000, 0x00000000dfd50000, 0x0000000100000000)
   the space 172032K,   5% used [0x00000000d5550000, 0x00000000d5f24a38, 0x00000000d5f24c00, 0x00000000dfd50000)
 Metaspace       used 12666K, committed 12736K, reserved 278528K
  class space    used 1373K, committed 1408K, reserved 212992K
}
Event: 1.223 GC heap before
{Heap before GC invocations=2 (full 0):
 def new generation   total 77440K, used 69599K [0x00000000c0000000, 0x00000000c5400000, 0x00000000d5550000)
  eden space 68864K, 100% used [0x00000000c0000000, 0x00000000c4340000, 0x00000000c4340000)
  from space 8576K,   8% used [0x00000000c4340000, 0x00000000c43f7c78, 0x00000000c4ba0000)
  to   space 8576K,   0% used [0x00000000c4ba0000, 0x00000000c4ba0000, 0x00000000c5400000)
 tenured generation   total 172032K, used 10066K [0x00000000d5550000, 0x00000000dfd50000, 0x0000000100000000)
   the space 172032K,   5% used [0x00000000d5550000, 0x00000000d5f24a38, 0x00000000d5f24c00, 0x00000000dfd50000)
 Metaspace       used 17684K, committed 17984K, reserved 278528K
  class space    used 2033K, committed 2176K, reserved 212992K
}
Event: 1.229 GC heap after
{Heap after GC invocations=3 (full 0):
 def new generation   total 77440K, used 7125K [0x00000000c0000000, 0x00000000c5400000, 0x00000000d5550000)
  eden space 68864K,   0% used [0x00000000c0000000, 0x00000000c0000000, 0x00000000c4340000)
  from space 8576K,  83% used [0x00000000c4ba0000, 0x00000000c52955b0, 0x00000000c5400000)
  to   space 8576K,   0% used [0x00000000c4340000, 0x00000000c4340000, 0x00000000c4ba0000)
 tenured generation   total 172032K, used 10066K [0x00000000d5550000, 0x00000000dfd50000, 0x0000000100000000)
   the space 172032K,   5% used [0x00000000d5550000, 0x00000000d5f24a38, 0x00000000d5f24c00, 0x00000000dfd50000)
 Metaspace       used 17684K, committed 17984K, reserved 278528K
  class space    used 2033K, committed 2176K, reserved 212992K
}
Event: 1.400 GC heap before
{Heap before GC invocations=3 (full 0):
 def new generation   total 77440K, used 22514K [0x00000000c0000000, 0x00000000c5400000, 0x00000000d5550000)
  eden space 68864K,  22% used [0x00000000c0000000, 0x00000000c0f07538, 0x00000000c4340000)
  from space 8576K,  83% used [0x00000000c4ba0000, 0x00000000c52955b0, 0x00000000c5400000)
  to   space 8576K,   0% used [0x00000000c4340000, 0x00000000c4340000, 0x00000000c4ba0000)
 tenured generation   total 172032K, used 10066K [0x00000000d5550000, 0x00000000dfd50000, 0x0000000100000000)
   the space 172032K,   5% used [0x00000000d5550000, 0x00000000d5f24a38, 0x00000000d5f24c00, 0x00000000dfd50000)
 Metaspace       used 21192K, committed 21504K, reserved 278528K
  class space    used 2497K, committed 2624K, reserved 212992K
}
Event: 1.418 GC heap after
{Heap after GC invocations=4 (full 1):
 def new generation   total 77504K, used 0K [0x00000000c0000000, 0x00000000c5410000, 0x00000000d5550000)
  eden space 68928K,   0% used [0x00000000c0000000, 0x00000000c0000000, 0x00000000c4350000)
  from space 8576K,   0% used [0x00000000c4350000, 0x00000000c4350000, 0x00000000c4bb0000)
  to   space 8576K,   0% used [0x00000000c4bb0000, 0x00000000c4bb0000, 0x00000000c5410000)
 tenured generation   total 172032K, used 18670K [0x00000000d5550000, 0x00000000dfd50000, 0x0000000100000000)
   the space 172032K,  10% used [0x00000000d5550000, 0x00000000d678bba0, 0x00000000d678bc00, 0x00000000dfd50000)
 Metaspace       used 21192K, committed 21504K, reserved 278528K
  class space    used 2497K, committed 2624K, reserved 212992K
}
Event: 2.016 GC heap before
{Heap before GC invocations=4 (full 1):
 def new generation   total 77504K, used 68928K [0x00000000c0000000, 0x00000000c5410000, 0x00000000d5550000)
  eden space 68928K, 100% used [0x00000000c0000000, 0x00000000c4350000, 0x00000000c4350000)
  from space 8576K,   0% used [0x00000000c4350000, 0x00000000c4350000, 0x00000000c4bb0000)
  to   space 8576K,   0% used [0x00000000c4bb0000, 0x00000000c4bb0000, 0x00000000c5410000)
 tenured generation   total 172032K, used 18670K [0x00000000d5550000, 0x00000000dfd50000, 0x0000000100000000)
   the space 172032K,  10% used [0x00000000d5550000, 0x00000000d678bba0, 0x00000000d678bc00, 0x00000000dfd50000)
 Metaspace       used 31687K, committed 32384K, reserved 278528K
  class space    used 4226K, committed 4544K, reserved 212992K
}
Event: 2.023 GC heap after
{Heap after GC invocations=5 (full 1):
 def new generation   total 77504K, used 3980K [0x00000000c0000000, 0x00000000c5410000, 0x00000000d5550000)
  eden space 68928K,   0% used [0x00000000c0000000, 0x00000000c0000000, 0x00000000c4350000)
  from space 8576K,  46% used [0x00000000c4bb0000, 0x00000000c4f93240, 0x00000000c5410000)
  to   space 8576K,   0% used [0x00000000c4350000, 0x00000000c4350000, 0x00000000c4bb0000)
 tenured generation   total 172032K, used 18670K [0x00000000d5550000, 0x00000000dfd50000, 0x0000000100000000)
   the space 172032K,  10% used [0x00000000d5550000, 0x00000000d678bba0, 0x00000000d678bc00, 0x00000000dfd50000)
 Metaspace       used 31687K, committed 32384K, reserved 278528K
  class space    used 4226K, committed 4544K, reserved 212992K
}
Event: 2.204 GC heap before
{Heap before GC invocations=5 (full 1):
 def new generation   total 77504K, used 30643K [0x00000000c0000000, 0x00000000c5410000, 0x00000000d5550000)
  eden space 68928K,  38% used [0x00000000c0000000, 0x00000000c1a09a98, 0x00000000c4350000)
  from space 8576K,  46% used [0x00000000c4bb0000, 0x00000000c4f93240, 0x00000000c5410000)
  to   space 8576K,   0% used [0x00000000c4350000, 0x00000000c4350000, 0x00000000c4bb0000)
 tenured generation   total 172032K, used 18670K [0x00000000d5550000, 0x00000000dfd50000, 0x0000000100000000)
   the space 172032K,  10% used [0x00000000d5550000, 0x00000000d678bba0, 0x00000000d678bc00, 0x00000000dfd50000)
 Metaspace       used 35006K, committed 35840K, reserved 278528K
  class space    used 4808K, committed 5184K, reserved 212992K
}
Event: 2.232 GC heap after
{Heap after GC invocations=6 (full 2):
 def new generation   total 77568K, used 0K [0x00000000c0000000, 0x00000000c5420000, 0x00000000d5550000)
  eden space 68992K,   0% used [0x00000000c0000000, 0x00000000c0000000, 0x00000000c4360000)
  from space 8576K,   0% used [0x00000000c4360000, 0x00000000c4360000, 0x00000000c4bc0000)
  to   space 8576K,   0% used [0x00000000c4bc0000, 0x00000000c4bc0000, 0x00000000c5420000)
 tenured generation   total 172032K, used 23995K [0x00000000d5550000, 0x00000000dfd50000, 0x0000000100000000)
   the space 172032K,  13% used [0x00000000d5550000, 0x00000000d6cbedd8, 0x00000000d6cbee00, 0x00000000dfd50000)
 Metaspace       used 35006K, committed 35840K, reserved 278528K
  class space    used 4808K, committed 5184K, reserved 212992K
}
Event: 2.706 GC heap before
{Heap before GC invocations=6 (full 2):
 def new generation   total 77568K, used 68992K [0x00000000c0000000, 0x00000000c5420000, 0x00000000d5550000)
  eden space 68992K, 100% used [0x00000000c0000000, 0x00000000c4360000, 0x00000000c4360000)
  from space 8576K,   0% used [0x00000000c4360000, 0x00000000c4360000, 0x00000000c4bc0000)
  to   space 8576K,   0% used [0x00000000c4bc0000, 0x00000000c4bc0000, 0x00000000c5420000)
 tenured generation   total 172032K, used 23995K [0x00000000d5550000, 0x00000000dfd50000, 0x0000000100000000)
   the space 172032K,  13% used [0x00000000d5550000, 0x00000000d6cbedd8, 0x00000000d6cbee00, 0x00000000dfd50000)
 Metaspace       used 44958K, committed 45888K, reserved 278528K
  class space    used 6075K, committed 6528K, reserved 212992K
}
Event: 2.715 GC heap after
{Heap after GC invocations=7 (full 2):
 def new generation   total 77568K, used 5606K [0x00000000c0000000, 0x00000000c5420000, 0x00000000d5550000)
  eden space 68992K,   0% used [0x00000000c0000000, 0x00000000c0000000, 0x00000000c4360000)
  from space 8576K,  65% used [0x00000000c4bc0000, 0x00000000c5139bc8, 0x00000000c5420000)
  to   space 8576K,   0% used [0x00000000c4360000, 0x00000000c4360000, 0x00000000c4bc0000)
 tenured generation   total 172032K, used 23995K [0x00000000d5550000, 0x00000000dfd50000, 0x0000000100000000)
   the space 172032K,  13% used [0x00000000d5550000, 0x00000000d6cbedd8, 0x00000000d6cbee00, 0x00000000dfd50000)
 Metaspace       used 44958K, committed 45888K, reserved 278528K
  class space    used 6075K, committed 6528K, reserved 212992K
}

