# JRE version: OpenJDK Runtime Environment Temurin-17.0.19+10 (17.0.19+10) (build 17.0.19+10)
# Java VM: OpenJDK 64-Bit Server VM Temurin-17.0.19+10 (17.0.19+10, mixed mode, sharing, tiered, compressed class ptrs, serial gc, windows-amd64)
GC Precious Log:
 CPUs: 20 total, 20 available
 Memory: 16068M
 Large Page Support: Disabled
 NUMA Support: Disabled
 Compressed Oops: Disabled
 Heap Min Capacity: 8M
 Heap Initial Capacity: 252M
 Heap Max Capacity: 1G
 Pre-touch: Disabled
Heap:
 def new generation   total 91904K, used 57451K [0x0000020037e00000, 0x000002003e1b0000, 0x000002004d350000)
  eden space 81728K,  70% used [0x0000020037e00000, 0x000002003b61acb0, 0x000002003cdd0000)
  from space 10176K,   0% used [0x000002003cdd0000, 0x000002003cdd0000, 0x000002003d7c0000)
  to   space 10176K,   0% used [0x000002003d7c0000, 0x000002003d7c0000, 0x000002003e1b0000)
 tenured generation   total 201276K, used 201275K [0x000002004d350000, 0x00000200597df000, 0x0000020077e00000)
   the space 201276K,  99% used [0x000002004d350000, 0x00000200597deff0, 0x00000200597df000, 0x00000200597df000)
 Metaspace       used 109911K, committed 111232K, reserved 344064K
  class space    used 15244K, committed 15872K, reserved 212992K
GC Heap History (20 events):
Event: 19.352 GC heap before
{Heap before GC invocations=28 (full 4):
 def new generation   total 91264K, used 86232K [0x0000020037e00000, 0x000002003e100000, 0x000002004d350000)
  eden space 81152K, 100% used [0x0000020037e00000, 0x000002003cd40000, 0x000002003cd40000)
  from space 10112K,  50% used [0x000002003d720000, 0x000002003dc16010, 0x000002003e100000)
  to   space 10112K,   0% used [0x000002003cd40000, 0x000002003cd40000, 0x000002003d720000)
 tenured generation   total 200124K, used 131022K [0x000002004d350000, 0x00000200596bf000, 0x0000020077e00000)
   the space 200124K,  65% used [0x000002004d350000, 0x0000020055343a10, 0x0000020055343c00, 0x00000200596bf000)
 Metaspace       used 105752K, committed 106752K, reserved 344064K
  class space    used 14576K, committed 15040K, reserved 212992K
}
Event: 19.376 GC heap after
{Heap after GC invocations=29 (full 4):
 def new generation   total 91264K, used 10111K [0x0000020037e00000, 0x000002003e100000, 0x000002004d350000)
  eden space 81152K,   0% used [0x0000020037e00000, 0x0000020037e00000, 0x000002003cd40000)
  from space 10112K,  99% used [0x000002003cd40000, 0x000002003d71fff8, 0x000002003d720000)
  to   space 10112K,   0% used [0x000002003d720000, 0x000002003d720000, 0x000002003e100000)
 tenured generation   total 200124K, used 138592K [0x000002004d350000, 0x00000200596bf000, 0x0000020077e00000)
   the space 200124K,  69% used [0x000002004d350000, 0x0000020055aa8378, 0x0000020055aa8400, 0x00000200596bf000)
 Metaspace       used 105752K, committed 106752K, reserved 344064K
  class space    used 14576K, committed 15040K, reserved 212992K
}
Event: 20.490 GC heap before
{Heap before GC invocations=29 (full 4):
 def new generation   total 91264K, used 91262K [0x0000020037e00000, 0x000002003e100000, 0x000002004d350000)
  eden space 81152K,  99% used [0x0000020037e00000, 0x000002003cd3fb38, 0x000002003cd40000)
  from space 10112K,  99% used [0x000002003cd40000, 0x000002003d71fff8, 0x000002003d720000)
  to   space 10112K,   0% used [0x000002003d720000, 0x000002003d720000, 0x000002003e100000)
 tenured generation   total 200124K, used 138592K [0x000002004d350000, 0x00000200596bf000, 0x0000020077e00000)
   the space 200124K,  69% used [0x000002004d350000, 0x0000020055aa8378, 0x0000020055aa8400, 0x00000200596bf000)
 Metaspace       used 107066K, committed 108160K, reserved 344064K
  class space    used 14797K, committed 15296K, reserved 212992K
}
Event: 20.514 GC heap after
{Heap after GC invocations=30 (full 4):
 def new generation   total 91264K, used 8214K [0x0000020037e00000, 0x000002003e100000, 0x000002004d350000)
  eden space 81152K,   0% used [0x0000020037e00000, 0x0000020037e00000, 0x000002003cd40000)
  from space 10112K,  81% used [0x000002003d720000, 0x000002003df25b20, 0x000002003e100000)
  to   space 10112K,   0% used [0x000002003cd40000, 0x000002003cd40000, 0x000002003d720000)
 tenured generation   total 200124K, used 147587K [0x000002004d350000, 0x00000200596bf000, 0x0000020077e00000)
   the space 200124K,  73% used [0x000002004d350000, 0x0000020056370dd0, 0x0000020056370e00, 0x00000200596bf000)
 Metaspace       used 107066K, committed 108160K, reserved 344064K
  class space    used 14797K, committed 15296K, reserved 212992K
}
Event: 21.569 GC heap before
{Heap before GC invocations=30 (full 4):
 def new generation   total 91264K, used 89366K [0x0000020037e00000, 0x000002003e100000, 0x000002004d350000)
  eden space 81152K, 100% used [0x0000020037e00000, 0x000002003cd40000, 0x000002003cd40000)
  from space 10112K,  81% used [0x000002003d720000, 0x000002003df25b20, 0x000002003e100000)
  to   space 10112K,   0% used [0x000002003cd40000, 0x000002003cd40000, 0x000002003d720000)
 tenured generation   total 200124K, used 147587K [0x000002004d350000, 0x00000200596bf000, 0x0000020077e00000)
   the space 200124K,  73% used [0x000002004d350000, 0x0000020056370dd0, 0x0000020056370e00, 0x00000200596bf000)
 Metaspace       used 107296K, committed 108352K, reserved 344064K
  class space    used 14832K, committed 15296K, reserved 212992K
}
Event: 21.597 GC heap after
{Heap after GC invocations=31 (full 4):
 def new generation   total 91264K, used 10112K [0x0000020037e00000, 0x000002003e100000, 0x000002004d350000)
  eden space 81152K,   0% used [0x0000020037e00000, 0x0000020037e00000, 0x000002003cd40000)
  from space 10112K, 100% used [0x000002003cd40000, 0x000002003d720000, 0x000002003d720000)
  to   space 10112K,   0% used [0x000002003d720000, 0x000002003d720000, 0x000002003e100000)
 tenured generation   total 200124K, used 157336K [0x000002004d350000, 0x00000200596bf000, 0x0000020077e00000)
   the space 200124K,  78% used [0x000002004d350000, 0x0000020056cf6048, 0x0000020056cf6200, 0x00000200596bf000)
 Metaspace       used 107296K, committed 108352K, reserved 344064K
  class space    used 14832K, committed 15296K, reserved 212992K
}
Event: 21.766 GC heap before
{Heap before GC invocations=31 (full 4):
 def new generation   total 91264K, used 91239K [0x0000020037e00000, 0x000002003e100000, 0x000002004d350000)
  eden space 81152K,  99% used [0x0000020037e00000, 0x000002003cd39d90, 0x000002003cd40000)
  from space 10112K, 100% used [0x000002003cd40000, 0x000002003d720000, 0x000002003d720000)
  to   space 10112K,   0% used [0x000002003d720000, 0x000002003d720000, 0x000002003e100000)
 tenured generation   total 200124K, used 157336K [0x000002004d350000, 0x00000200596bf000, 0x0000020077e00000)
   the space 200124K,  78% used [0x000002004d350000, 0x0000020056cf6048, 0x0000020056cf6200, 0x00000200596bf000)
 Metaspace       used 107313K, committed 108352K, reserved 344064K
  class space    used 14832K, committed 15296K, reserved 212992K
}
Event: 21.784 GC heap after
{Heap after GC invocations=32 (full 4):
 def new generation   total 91264K, used 5122K [0x0000020037e00000, 0x000002003e100000, 0x000002004d350000)
  eden space 81152K,   0% used [0x0000020037e00000, 0x0000020037e00000, 0x000002003cd40000)
  from space 10112K,  50% used [0x000002003d720000, 0x000002003dc20a28, 0x000002003e100000)
  to   space 10112K,   0% used [0x000002003cd40000, 0x000002003cd40000, 0x000002003d720000)
 tenured generation   total 200124K, used 165566K [0x000002004d350000, 0x00000200596bf000, 0x0000020077e00000)
   the space 200124K,  82% used [0x000002004d350000, 0x00000200574ffb18, 0x00000200574ffc00, 0x00000200596bf000)
 Metaspace       used 107313K, committed 108352K, reserved 344064K
  class space    used 14832K, committed 15296K, reserved 212992K
}
Event: 22.045 GC heap before
{Heap before GC invocations=32 (full 4):
 def new generation   total 91264K, used 86274K [0x0000020037e00000, 0x000002003e100000, 0x000002004d350000)
  eden space 81152K, 100% used [0x0000020037e00000, 0x000002003cd40000, 0x000002003cd40000)
  from space 10112K,  50% used [0x000002003d720000, 0x000002003dc20a28, 0x000002003e100000)
  to   space 10112K,   0% used [0x000002003cd40000, 0x000002003cd40000, 0x000002003d720000)
 tenured generation   total 200124K, used 165566K [0x000002004d350000, 0x00000200596bf000, 0x0000020077e00000)
   the space 200124K,  82% used [0x000002004d350000, 0x00000200574ffb18, 0x00000200574ffc00, 0x00000200596bf000)
 Metaspace       used 107501K, committed 108608K, reserved 344064K
  class space    used 14857K, committed 15360K, reserved 212992K
}
Event: 22.055 GC heap after
{Heap after GC invocations=33 (full 4):
 def new generation   total 91264K, used 10111K [0x0000020037e00000, 0x000002003e100000, 0x000002004d350000)
  eden space 81152K,   0% used [0x0000020037e00000, 0x0000020037e00000, 0x000002003cd40000)
  from space 10112K,  99% used [0x000002003cd40000, 0x000002003d71fff8, 0x000002003d720000)
  to   space 10112K,   0% used [0x000002003d720000, 0x000002003d720000, 0x000002003e100000)
 tenured generation   total 200124K, used 169440K [0x000002004d350000, 0x00000200596bf000, 0x0000020077e00000)
   the space 200124K,  84% used [0x000002004d350000, 0x00000200578c81d8, 0x00000200578c8200, 0x00000200596bf000)
 Metaspace       used 107501K, committed 108608K, reserved 344064K
  class space    used 14857K, committed 15360K, reserved 212992K
}
Event: 24.118 GC heap before
{Heap before GC invocations=33 (full 4):
 def new generation   total 91264K, used 91263K [0x0000020037e00000, 0x000002003e100000, 0x000002004d350000)
  eden space 81152K, 100% used [0x0000020037e00000, 0x000002003cd40000, 0x000002003cd40000)
  from space 10112K,  99% used [0x000002003cd40000, 0x000002003d71fff8, 0x000002003d720000)
  to   space 10112K,   0% used [0x000002003d720000, 0x000002003d720000, 0x000002003e100000)
 tenured generation   total 200124K, used 169440K [0x000002004d350000, 0x00000200596bf000, 0x0000020077e00000)
   the space 200124K,  84% used [0x000002004d350000, 0x00000200578c81d8, 0x00000200578c8200, 0x00000200596bf000)
 Metaspace       used 108436K, committed 109696K, reserved 344064K
  class space    used 15001K, committed 15616K, reserved 212992K
}
Event: 24.143 GC heap after
{Heap after GC invocations=34 (full 4):
 def new generation   total 91264K, used 9626K [0x0000020037e00000, 0x000002003e100000, 0x000002004d350000)
  eden space 81152K,   0% used [0x0000020037e00000, 0x0000020037e00000, 0x000002003cd40000)
  from space 10112K,  95% used [0x000002003d720000, 0x000002003e086960, 0x000002003e100000)
  to   space 10112K,   0% used [0x000002003cd40000, 0x000002003cd40000, 0x000002003d720000)
 tenured generation   total 200124K, used 177720K [0x000002004d350000, 0x00000200596bf000, 0x0000020077e00000)
   the space 200124K,  88% used [0x000002004d350000, 0x00000200580de330, 0x00000200580de400, 0x00000200596bf000)
 Metaspace       used 108436K, committed 109696K, reserved 344064K
  class space    used 15001K, committed 15616K, reserved 212992K
}
Event: 24.252 GC heap before
{Heap before GC invocations=34 (full 4):
 def new generation   total 91264K, used 90778K [0x0000020037e00000, 0x000002003e100000, 0x000002004d350000)
  eden space 81152K, 100% used [0x0000020037e00000, 0x000002003cd40000, 0x000002003cd40000)
  from space 10112K,  95% used [0x000002003d720000, 0x000002003e086960, 0x000002003e100000)
  to   space 10112K,   0% used [0x000002003cd40000, 0x000002003cd40000, 0x000002003d720000)
 tenured generation   total 200124K, used 177720K [0x000002004d350000, 0x00000200596bf000, 0x0000020077e00000)
   the space 200124K,  88% used [0x000002004d350000, 0x00000200580de330, 0x00000200580de400, 0x00000200596bf000)
 Metaspace       used 108437K, committed 109696K, reserved 344064K
  class space    used 15001K, committed 15616K, reserved 212992K
}
Event: 24.270 GC heap after
{Heap after GC invocations=35 (full 4):
 def new generation   total 91264K, used 5178K [0x0000020037e00000, 0x000002003e100000, 0x000002004d350000)
  eden space 81152K,   0% used [0x0000020037e00000, 0x0000020037e00000, 0x000002003cd40000)
  from space 10112K,  51% used [0x000002003cd40000, 0x000002003d24eac0, 0x000002003d720000)
  to   space 10112K,   0% used [0x000002003d720000, 0x000002003d720000, 0x000002003e100000)
 tenured generation   total 200124K, used 185356K [0x000002004d350000, 0x00000200596bf000, 0x0000020077e00000)
   the space 200124K,  92% used [0x000002004d350000, 0x0000020058853368, 0x0000020058853400, 0x00000200596bf000)
 Metaspace       used 108437K, committed 109696K, reserved 344064K
  class space    used 15001K, committed 15616K, reserved 212992K
}
Event: 25.847 GC heap before
{Heap before GC invocations=35 (full 4):
 def new generation   total 91264K, used 86330K [0x0000020037e00000, 0x000002003e100000, 0x000002004d350000)
  eden space 81152K, 100% used [0x0000020037e00000, 0x000002003cd40000, 0x000002003cd40000)
  from space 10112K,  51% used [0x000002003cd40000, 0x000002003d24eac0, 0x000002003d720000)
  to   space 10112K,   0% used [0x000002003d720000, 0x000002003d720000, 0x000002003e100000)
 tenured generation   total 200124K, used 185356K [0x000002004d350000, 0x00000200596bf000, 0x0000020077e00000)
   the space 200124K,  92% used [0x000002004d350000, 0x0000020058853368, 0x0000020058853400, 0x00000200596bf000)
 Metaspace       used 109239K, committed 110592K, reserved 344064K
  class space    used 15139K, committed 15744K, reserved 212992K
}
Event: 25.877 GC heap after
{Heap after GC invocations=36 (full 4):
 def new generation   total 91264K, used 10112K [0x0000020037e00000, 0x000002003e100000, 0x000002004d350000)
  eden space 81152K,   0% used [0x0000020037e00000, 0x0000020037e00000, 0x000002003cd40000)
  from space 10112K, 100% used [0x000002003d720000, 0x000002003e100000, 0x000002003e100000)
  to   space 10112K,   0% used [0x000002003cd40000, 0x000002003cd40000, 0x000002003d720000)
 tenured generation   total 200124K, used 192109K [0x000002004d350000, 0x00000200596bf000, 0x0000020077e00000)
   the space 200124K,  95% used [0x000002004d350000, 0x0000020058eeb4b8, 0x0000020058eeb600, 0x00000200596bf000)
 Metaspace       used 109239K, committed 110592K, reserved 344064K
  class space    used 15139K, committed 15744K, reserved 212992K
}
Event: 26.166 GC heap before
{Heap before GC invocations=36 (full 4):
 def new generation   total 91264K, used 91261K [0x0000020037e00000, 0x000002003e100000, 0x000002004d350000)
  eden space 81152K,  99% used [0x0000020037e00000, 0x000002003cd3f6e8, 0x000002003cd40000)
  from space 10112K, 100% used [0x000002003d720000, 0x000002003e100000, 0x000002003e100000)
  to   space 10112K,   0% used [0x000002003cd40000, 0x000002003cd40000, 0x000002003d720000)
 tenured generation   total 200124K, used 192109K [0x000002004d350000, 0x00000200596bf000, 0x0000020077e00000)
   the space 200124K,  95% used [0x000002004d350000, 0x0000020058eeb4b8, 0x0000020058eeb600, 0x00000200596bf000)
 Metaspace       used 109239K, committed 110592K, reserved 344064K
  class space    used 15139K, committed 15744K, reserved 212992K
}
Event: 26.185 GC heap after
{Heap after GC invocations=37 (full 4):
 def new generation   total 91264K, used 3825K [0x0000020037e00000, 0x000002003e100000, 0x000002004d350000)
  eden space 81152K,   0% used [0x0000020037e00000, 0x0000020037e00000, 0x000002003cd40000)
  from space 10112K,  37% used [0x000002003cd40000, 0x000002003d0fc438, 0x000002003d720000)
  to   space 10112K,   0% used [0x000002003d720000, 0x000002003d720000, 0x000002003e100000)
 tenured generation   total 201276K, used 201090K [0x000002004d350000, 0x00000200597df000, 0x0000020077e00000)
   the space 201276K,  99% used [0x000002004d350000, 0x00000200597b0898, 0x00000200597b0a00, 0x00000200597df000)
 Metaspace       used 109239K, committed 110592K, reserved 344064K
  class space    used 15139K, committed 15744K, reserved 212992K
}
Event: 26.185 GC heap before
{Heap before GC invocations=37 (full 4):
 def new generation   total 91264K, used 3825K [0x0000020037e00000, 0x000002003e100000, 0x000002004d350000)
  eden space 81152K,   0% used [0x0000020037e00000, 0x0000020037e00000, 0x000002003cd40000)
  from space 10112K,  37% used [0x000002003cd40000, 0x000002003d0fc438, 0x000002003d720000)
  to   space 10112K,   0% used [0x000002003d720000, 0x000002003d720000, 0x000002003e100000)
 tenured generation   total 201276K, used 201090K [0x000002004d350000, 0x00000200597df000, 0x0000020077e00000)
   the space 201276K,  99% used [0x000002004d350000, 0x00000200597b0898, 0x00000200597b0a00, 0x00000200597df000)
 Metaspace       used 109239K, committed 110592K, reserved 344064K
  class space    used 15139K, committed 15744K, reserved 212992K
}
Event: 30.653 GC heap after
{Heap after GC invocations=37 (full 5):
 def new generation   total 91904K, used 3639K [0x0000020037e00000, 0x000002003e1b0000, 0x000002004d350000)
  eden space 81728K,   4% used [0x0000020037e00000, 0x000002003818dce0, 0x000002003cdd0000)
  from space 10176K,   0% used [0x000002003cdd0000, 0x000002003cdd0000, 0x000002003d7c0000)
  to   space 10176K,   0% used [0x000002003d7c0000, 0x000002003d7c0000, 0x000002003e1b0000)
 tenured generation   total 201276K, used 201275K [0x000002004d350000, 0x00000200597df000, 0x0000020077e00000)
   the space 201276K,  99% used [0x000002004d350000, 0x00000200597deff0, 0x00000200597df000, 0x00000200597df000)
 Metaspace       used 109239K, committed 110592K, reserved 344064K
  class space    used 15139K, committed 15744K, reserved 212992K
}

